<?xml version="1.0" encoding="UTF-8"?>
<!-- Generated by org.testng.reporters.JUnitReportReporter -->
<testsuite skipped="0" hostname="DESKTOP-VPH8URN" name="com.java.hibercrud.BTest" tests="5" failures="0" timestamp="20 Jul 2018 12:38:06 GMT" time="0.016" errors="0">
  <testcase name="b5test" time="0.000" classname="com.java.hibercrud.BTest"/>
  <testcase name="b2test" time="0.000" classname="com.java.hibercrud.BTest"/>
  <testcase name="b3test" time="0.000" classname="com.java.hibercrud.BTest"/>
  <testcase name="b4test" time="0.016" classname="com.java.hibercrud.BTest"/>
  <testcase name="b1test" time="0.000" classname="com.java.hibercrud.BTest"/>
</testsuite> <!-- com.java.hibercrud.BTest -->
