<?xml version="1.0" encoding="UTF-8"?>
<!-- Generated by org.testng.reporters.JUnitReportReporter -->
<testsuite skipped="0" hostname="DESKTOP-VPH8URN" name="com.java.hibercrud.Dtest" tests="4" failures="0" timestamp="20 Jul 2018 12:38:06 GMT" time="0.000" errors="0">
  <testcase name="d2test" time="0.000" classname="com.java.hibercrud.Dtest"/>
  <testcase name="d4test" time="0.000" classname="com.java.hibercrud.Dtest"/>
  <testcase name="d5test" time="0.000" classname="com.java.hibercrud.Dtest"/>
  <testcase name="d3test" time="0.000" classname="com.java.hibercrud.Dtest"/>
</testsuite> <!-- com.java.hibercrud.Dtest -->
