<?xml version="1.0" encoding="UTF-8"?>
<!-- Generated by org.testng.reporters.JUnitReportReporter -->
<testsuite skipped="1" hostname="DESKTOP-VPH8URN" name="com.java.hibercrud.Dtest" tests="2" failures="0" timestamp="25 Jul 2018 15:37:22 GMT" time="0.026" errors="0">
  <testcase name="d3test" time="0.023" classname="com.java.hibercrud.Dtest">
    <skipped/>
  </testcase> <!-- d3test -->
  <testcase name="d3test" time="0.003" classname="com.java.hibercrud.Dtest"/>
</testsuite> <!-- com.java.hibercrud.Dtest -->
