<?xml version="1.0" encoding="UTF-8"?>
<!-- Generated by org.testng.reporters.JUnitReportReporter -->
<testsuite skipped="0" hostname="DESKTOP-VPH8URN" name="com.java.hibercrud.CTest" tests="5" failures="0" timestamp="20 Jul 2018 12:38:06 GMT" time="0.034" errors="0">
  <testcase name="c5test" time="0.000" classname="com.java.hibercrud.CTest"/>
  <testcase name="c1test" time="0.016" classname="com.java.hibercrud.CTest"/>
  <testcase name="c2test" time="0.000" classname="com.java.hibercrud.CTest"/>
  <testcase name="c4test" time="0.000" classname="com.java.hibercrud.CTest"/>
  <testcase name="c3test" time="0.018" classname="com.java.hibercrud.CTest"/>
</testsuite> <!-- com.java.hibercrud.CTest -->
