<?xml version="1.0" encoding="UTF-8"?>
<!-- Generated by org.testng.reporters.JUnitReportReporter -->
<testsuite skipped="0" hostname="DESKTOP-VPH8URN" name="com.java.hibercrud.PerformLoginTest" tests="7" failures="0" timestamp="22 Jul 2018 14:50:40 GMT" time="25.026" errors="0">
  <testcase name="performLogin" time="0.002" classname="com.java.hibercrud.PerformLoginTest"/>
  <testcase name="performLogin" time="24.782" classname="com.java.hibercrud.PerformLoginTest"/>
  <testcase name="performLogin" time="0.001" classname="com.java.hibercrud.PerformLoginTest"/>
  <testcase name="performLogin" time="0.010" classname="com.java.hibercrud.PerformLoginTest"/>
  <testcase name="performLogin" time="0.001" classname="com.java.hibercrud.PerformLoginTest"/>
  <testcase name="performLogin" time="0.121" classname="com.java.hibercrud.PerformLoginTest"/>
  <testcase name="performLogin" time="0.109" classname="com.java.hibercrud.PerformLoginTest"/>
</testsuite> <!-- com.java.hibercrud.PerformLoginTest -->
