<?xml version="1.0" encoding="UTF-8"?>
<!-- Generated by org.testng.reporters.JUnitReportReporter -->
<testsuite skipped="0" hostname="DESKTOP-VPH8URN" name="com.java.hibercrud.ATest" tests="4" failures="0" timestamp="25 Jul 2018 14:43:11 GMT" time="0.018" errors="0">
  <testcase name="a4test" time="0.002" classname="com.java.hibercrud.ATest"/>
  <testcase name="a3test" time="0.010" classname="com.java.hibercrud.ATest"/>
  <testcase name="a2test" time="0.003" classname="com.java.hibercrud.ATest"/>
  <testcase name="a1test" time="0.003" classname="com.java.hibercrud.ATest"/>
</testsuite> <!-- com.java.hibercrud.ATest -->
